<?xml version="1.0" encoding="UTF-8"?>
<!-- Generated by org.testng.reporters.JUnitReportReporter -->
<testsuite name="TestDayOne" tests="2" time="0.047" ignored="0" failures="0" timestamp="11 feb 2017 17:42:40 GMT" skipped="0" hostname="AsusEEE" errors="0">
  <testcase name="testCountCharacter" time="0.047" classname="TestDayOne"/>
  <testcase name="testGetFloor" time="0.000" classname="TestDayOne"/>
</testsuite> <!-- TestDayOne -->
