<?xml version="1.0" encoding="UTF-8"?>
<!-- Generated by org.testng.reporters.JUnitReportReporter -->
<testsuite name="TestDayOne" tests="9" time="0.078" ignored="0" failures="0" timestamp="11 feb 2017 20:13:02 GMT" skipped="0" hostname="AsusEEE" errors="0">
  <testcase name="testGetFloor6" time="0.000" classname="TestDayOne"/>
  <testcase name="testGetFloor4" time="0.016" classname="TestDayOne"/>
  <testcase name="testGetFloor8" time="0.000" classname="TestDayOne"/>
  <testcase name="testGetFloor1" time="0.015" classname="TestDayOne"/>
  <testcase name="testGetFloor7" time="0.016" classname="TestDayOne"/>
  <testcase name="testGetFloor2" time="0.000" classname="TestDayOne"/>
  <testcase name="testGetFloor3" time="0.000" classname="TestDayOne"/>
  <testcase name="testCountCharacter" time="0.031" classname="TestDayOne"/>
  <testcase name="testGetFloor5" time="0.000" classname="TestDayOne"/>
</testsuite> <!-- TestDayOne -->
