<?xml version="1.0" encoding="UTF-8"?>
<!-- Generated by org.testng.reporters.JUnitReportReporter -->
<testsuite name="TestDayOne" tests="1" time="0.031" ignored="0" failures="0" timestamp="11 feb 2017 17:23:38 GMT" skipped="0" hostname="AsusEEE" errors="0">
  <testcase name="testNegativeLevel" time="0.031" classname="TestDayOne"/>
</testsuite> <!-- TestDayOne -->
